The solutions associated with the color generation algorithm are: 
1 => [1. 2. 1. 2. 3. 4. 3. 2.]
2 => [1. 2. 1. 2. 3. 4. 3. 4.]
3 => [1. 2. 1. 2. 3. 4. 4. 2.]
4 => [1. 2. 1. 2. 3. 4. 4. 3.]
5 => [1. 2. 1. 2. 4. 3. 3. 2.]
6 => [1. 2. 1. 2. 4. 3. 3. 4.]
7 => [1. 2. 1. 2. 4. 3. 4. 2.]
8 => [1. 2. 1. 2. 4. 3. 4. 3.]
9 => [1. 2. 1. 3. 2. 4. 2. 3.]
10 => [1. 2. 1. 3. 2. 4. 2. 4.]
11 => [1. 2. 1. 3. 2. 4. 4. 2.]
12 => [1. 2. 1. 3. 2. 4. 4. 3.]
13 => [1. 2. 1. 3. 4. 2. 2. 3.]
14 => [1. 2. 1. 3. 4. 2. 2. 4.]
15 => [1. 2. 1. 3. 4. 2. 4. 2.]
16 => [1. 2. 1. 3. 4. 2. 4. 3.]
17 => [1. 2. 1. 4. 2. 3. 2. 3.]
18 => [1. 2. 1. 4. 2. 3. 2. 4.]
19 => [1. 2. 1. 4. 2. 3. 3. 2.]
20 => [1. 2. 1. 4. 2. 3. 3. 4.]
21 => [1. 2. 1. 4. 3. 2. 2. 3.]
22 => [1. 2. 1. 4. 3. 2. 2. 4.]
23 => [1. 2. 1. 4. 3. 2. 3. 2.]
24 => [1. 2. 1. 4. 3. 2. 3. 4.]
25 => [1. 2. 3. 1. 2. 4. 2. 4.]
26 => [1. 2. 3. 1. 2. 4. 4. 2.]
27 => [1. 2. 3. 1. 4. 2. 2. 4.]
28 => [1. 2. 3. 1. 4. 2. 4. 2.]
29 => [1. 2. 3. 2. 1. 4. 1. 2.]
30 => [1. 2. 3. 2. 1. 4. 1. 4.]
31 => [1. 2. 3. 2. 1. 4. 4. 2.]
32 => [1. 2. 3. 2. 4. 1. 1. 2.]
33 => [1. 2. 3. 2. 4. 1. 1. 4.]
34 => [1. 2. 3. 2. 4. 1. 4. 2.]
35 => [1. 2. 3. 4. 1. 2. 1. 2.]
36 => [1. 2. 3. 4. 1. 2. 1. 4.]
37 => [1. 2. 3. 4. 1. 2. 2. 4.]
38 => [1. 2. 3. 4. 2. 1. 1. 2.]
39 => [1. 2. 3. 4. 2. 1. 1. 4.]
40 => [1. 2. 3. 4. 2. 1. 2. 4.]
41 => [1. 2. 4. 1. 2. 3. 2. 3.]
42 => [1. 2. 4. 1. 2. 3. 3. 2.]
43 => [1. 2. 4. 1. 3. 2. 2. 3.]
44 => [1. 2. 4. 1. 3. 2. 3. 2.]
45 => [1. 2. 4. 2. 1. 3. 1. 2.]
46 => [1. 2. 4. 2. 1. 3. 1. 3.]
47 => [1. 2. 4. 2. 1. 3. 3. 2.]
48 => [1. 2. 4. 2. 3. 1. 1. 2.]
49 => [1. 2. 4. 2. 3. 1. 1. 3.]
50 => [1. 2. 4. 2. 3. 1. 3. 2.]
51 => [1. 2. 4. 3. 1. 2. 1. 2.]
52 => [1. 2. 4. 3. 1. 2. 1. 3.]
53 => [1. 2. 4. 3. 1. 2. 2. 3.]
54 => [1. 2. 4. 3. 2. 1. 1. 2.]
55 => [1. 2. 4. 3. 2. 1. 1. 3.]
56 => [1. 2. 4. 3. 2. 1. 2. 3.]
57 => [1. 3. 1. 2. 3. 4. 3. 2.]
58 => [1. 3. 1. 2. 3. 4. 3. 4.]
59 => [1. 3. 1. 2. 3. 4. 4. 2.]
60 => [1. 3. 1. 2. 3. 4. 4. 3.]
61 => [1. 3. 1. 2. 4. 3. 3. 2.]
62 => [1. 3. 1. 2. 4. 3. 3. 4.]
63 => [1. 3. 1. 2. 4. 3. 4. 2.]
64 => [1. 3. 1. 2. 4. 3. 4. 3.]
65 => [1. 3. 1. 3. 2. 4. 2. 3.]
66 => [1. 3. 1. 3. 2. 4. 2. 4.]
67 => [1. 3. 1. 3. 2. 4. 4. 2.]
68 => [1. 3. 1. 3. 2. 4. 4. 3.]
69 => [1. 3. 1. 3. 4. 2. 2. 3.]
70 => [1. 3. 1. 3. 4. 2. 2. 4.]
71 => [1. 3. 1. 3. 4. 2. 4. 2.]
72 => [1. 3. 1. 3. 4. 2. 4. 3.]
73 => [1. 3. 1. 4. 2. 3. 2. 3.]
74 => [1. 3. 1. 4. 2. 3. 2. 4.]
75 => [1. 3. 1. 4. 2. 3. 3. 2.]
76 => [1. 3. 1. 4. 2. 3. 3. 4.]
77 => [1. 3. 1. 4. 3. 2. 2. 3.]
78 => [1. 3. 1. 4. 3. 2. 2. 4.]
79 => [1. 3. 1. 4. 3. 2. 3. 2.]
80 => [1. 3. 1. 4. 3. 2. 3. 4.]
81 => [1. 3. 2. 1. 3. 4. 3. 4.]
82 => [1. 3. 2. 1. 3. 4. 4. 3.]
83 => [1. 3. 2. 1. 4. 3. 3. 4.]
84 => [1. 3. 2. 1. 4. 3. 4. 3.]
85 => [1. 3. 2. 3. 1. 4. 1. 3.]
86 => [1. 3. 2. 3. 1. 4. 1. 4.]
87 => [1. 3. 2. 3. 1. 4. 4. 3.]
88 => [1. 3. 2. 3. 4. 1. 1. 3.]
89 => [1. 3. 2. 3. 4. 1. 1. 4.]
90 => [1. 3. 2. 3. 4. 1. 4. 3.]
91 => [1. 3. 2. 4. 1. 3. 1. 3.]
92 => [1. 3. 2. 4. 1. 3. 1. 4.]
93 => [1. 3. 2. 4. 1. 3. 3. 4.]
94 => [1. 3. 2. 4. 3. 1. 1. 3.]
95 => [1. 3. 2. 4. 3. 1. 1. 4.]
96 => [1. 3. 2. 4. 3. 1. 3. 4.]
97 => [1. 3. 4. 1. 2. 3. 2. 3.]
98 => [1. 3. 4. 1. 2. 3. 3. 2.]
99 => [1. 3. 4. 1. 3. 2. 2. 3.]
100 => [1. 3. 4. 1. 3. 2. 3. 2.]
101 => [1. 3. 4. 2. 1. 3. 1. 2.]
102 => [1. 3. 4. 2. 1. 3. 1. 3.]
103 => [1. 3. 4. 2. 1. 3. 3. 2.]
104 => [1. 3. 4. 2. 3. 1. 1. 2.]
105 => [1. 3. 4. 2. 3. 1. 1. 3.]
106 => [1. 3. 4. 2. 3. 1. 3. 2.]
107 => [1. 3. 4. 3. 1. 2. 1. 2.]
108 => [1. 3. 4. 3. 1. 2. 1. 3.]
109 => [1. 3. 4. 3. 1. 2. 2. 3.]
110 => [1. 3. 4. 3. 2. 1. 1. 2.]
111 => [1. 3. 4. 3. 2. 1. 1. 3.]
112 => [1. 3. 4. 3. 2. 1. 2. 3.]
113 => [1. 4. 1. 2. 3. 4. 3. 2.]
114 => [1. 4. 1. 2. 3. 4. 3. 4.]
115 => [1. 4. 1. 2. 3. 4. 4. 2.]
116 => [1. 4. 1. 2. 3. 4. 4. 3.]
117 => [1. 4. 1. 2. 4. 3. 3. 2.]
118 => [1. 4. 1. 2. 4. 3. 3. 4.]
119 => [1. 4. 1. 2. 4. 3. 4. 2.]
120 => [1. 4. 1. 2. 4. 3. 4. 3.]
121 => [1. 4. 1. 3. 2. 4. 2. 3.]
122 => [1. 4. 1. 3. 2. 4. 2. 4.]
123 => [1. 4. 1. 3. 2. 4. 4. 2.]
124 => [1. 4. 1. 3. 2. 4. 4. 3.]
125 => [1. 4. 1. 3. 4. 2. 2. 3.]
126 => [1. 4. 1. 3. 4. 2. 2. 4.]
127 => [1. 4. 1. 3. 4. 2. 4. 2.]
128 => [1. 4. 1. 3. 4. 2. 4. 3.]
129 => [1. 4. 1. 4. 2. 3. 2. 3.]
130 => [1. 4. 1. 4. 2. 3. 2. 4.]
131 => [1. 4. 1. 4. 2. 3. 3. 2.]
132 => [1. 4. 1. 4. 2. 3. 3. 4.]
133 => [1. 4. 1. 4. 3. 2. 2. 3.]
134 => [1. 4. 1. 4. 3. 2. 2. 4.]
135 => [1. 4. 1. 4. 3. 2. 3. 2.]
136 => [1. 4. 1. 4. 3. 2. 3. 4.]
137 => [1. 4. 2. 1. 3. 4. 3. 4.]
138 => [1. 4. 2. 1. 3. 4. 4. 3.]
139 => [1. 4. 2. 1. 4. 3. 3. 4.]
140 => [1. 4. 2. 1. 4. 3. 4. 3.]
141 => [1. 4. 2. 3. 1. 4. 1. 3.]
142 => [1. 4. 2. 3. 1. 4. 1. 4.]
143 => [1. 4. 2. 3. 1. 4. 4. 3.]
144 => [1. 4. 2. 3. 4. 1. 1. 3.]
145 => [1. 4. 2. 3. 4. 1. 1. 4.]
146 => [1. 4. 2. 3. 4. 1. 4. 3.]
147 => [1. 4. 2. 4. 1. 3. 1. 3.]
148 => [1. 4. 2. 4. 1. 3. 1. 4.]
149 => [1. 4. 2. 4. 1. 3. 3. 4.]
150 => [1. 4. 2. 4. 3. 1. 1. 3.]
151 => [1. 4. 2. 4. 3. 1. 1. 4.]
152 => [1. 4. 2. 4. 3. 1. 3. 4.]
153 => [1. 4. 3. 1. 2. 4. 2. 4.]
154 => [1. 4. 3. 1. 2. 4. 4. 2.]
155 => [1. 4. 3. 1. 4. 2. 2. 4.]
156 => [1. 4. 3. 1. 4. 2. 4. 2.]
157 => [1. 4. 3. 2. 1. 4. 1. 2.]
158 => [1. 4. 3. 2. 1. 4. 1. 4.]
159 => [1. 4. 3. 2. 1. 4. 4. 2.]
160 => [1. 4. 3. 2. 4. 1. 1. 2.]
161 => [1. 4. 3. 2. 4. 1. 1. 4.]
162 => [1. 4. 3. 2. 4. 1. 4. 2.]
163 => [1. 4. 3. 4. 1. 2. 1. 2.]
164 => [1. 4. 3. 4. 1. 2. 1. 4.]
165 => [1. 4. 3. 4. 1. 2. 2. 4.]
166 => [1. 4. 3. 4. 2. 1. 1. 2.]
167 => [1. 4. 3. 4. 2. 1. 1. 4.]
168 => [1. 4. 3. 4. 2. 1. 2. 4.]
169 => [2. 1. 2. 1. 3. 4. 3. 1.]
170 => [2. 1. 2. 1. 3. 4. 3. 4.]
171 => [2. 1. 2. 1. 3. 4. 4. 1.]
172 => [2. 1. 2. 1. 3. 4. 4. 3.]
173 => [2. 1. 2. 1. 4. 3. 3. 1.]
174 => [2. 1. 2. 1. 4. 3. 3. 4.]
175 => [2. 1. 2. 1. 4. 3. 4. 1.]
176 => [2. 1. 2. 1. 4. 3. 4. 3.]
177 => [2. 1. 2. 3. 1. 4. 1. 3.]
178 => [2. 1. 2. 3. 1. 4. 1. 4.]
179 => [2. 1. 2. 3. 1. 4. 4. 1.]
180 => [2. 1. 2. 3. 1. 4. 4. 3.]
181 => [2. 1. 2. 3. 4. 1. 1. 3.]
182 => [2. 1. 2. 3. 4. 1. 1. 4.]
183 => [2. 1. 2. 3. 4. 1. 4. 1.]
184 => [2. 1. 2. 3. 4. 1. 4. 3.]
185 => [2. 1. 2. 4. 1. 3. 1. 3.]
186 => [2. 1. 2. 4. 1. 3. 1. 4.]
187 => [2. 1. 2. 4. 1. 3. 3. 1.]
188 => [2. 1. 2. 4. 1. 3. 3. 4.]
189 => [2. 1. 2. 4. 3. 1. 1. 3.]
190 => [2. 1. 2. 4. 3. 1. 1. 4.]
191 => [2. 1. 2. 4. 3. 1. 3. 1.]
192 => [2. 1. 2. 4. 3. 1. 3. 4.]
193 => [2. 1. 3. 1. 2. 4. 2. 1.]
194 => [2. 1. 3. 1. 2. 4. 2. 4.]
195 => [2. 1. 3. 1. 2. 4. 4. 1.]
196 => [2. 1. 3. 1. 4. 2. 2. 1.]
197 => [2. 1. 3. 1. 4. 2. 2. 4.]
198 => [2. 1. 3. 1. 4. 2. 4. 1.]
199 => [2. 1. 3. 2. 1. 4. 1. 4.]
200 => [2. 1. 3. 2. 1. 4. 4. 1.]
201 => [2. 1. 3. 2. 4. 1. 1. 4.]
202 => [2. 1. 3. 2. 4. 1. 4. 1.]
203 => [2. 1. 3. 4. 1. 2. 1. 4.]
204 => [2. 1. 3. 4. 1. 2. 2. 1.]
205 => [2. 1. 3. 4. 1. 2. 2. 4.]
206 => [2. 1. 3. 4. 2. 1. 1. 4.]
207 => [2. 1. 3. 4. 2. 1. 2. 1.]
208 => [2. 1. 3. 4. 2. 1. 2. 4.]
209 => [2. 1. 4. 1. 2. 3. 2. 1.]
210 => [2. 1. 4. 1. 2. 3. 2. 3.]
211 => [2. 1. 4. 1. 2. 3. 3. 1.]
212 => [2. 1. 4. 1. 3. 2. 2. 1.]
213 => [2. 1. 4. 1. 3. 2. 2. 3.]
214 => [2. 1. 4. 1. 3. 2. 3. 1.]
215 => [2. 1. 4. 2. 1. 3. 1. 3.]
216 => [2. 1. 4. 2. 1. 3. 3. 1.]
217 => [2. 1. 4. 2. 3. 1. 1. 3.]
218 => [2. 1. 4. 2. 3. 1. 3. 1.]
219 => [2. 1. 4. 3. 1. 2. 1. 3.]
220 => [2. 1. 4. 3. 1. 2. 2. 1.]
221 => [2. 1. 4. 3. 1. 2. 2. 3.]
222 => [2. 1. 4. 3. 2. 1. 1. 3.]
223 => [2. 1. 4. 3. 2. 1. 2. 1.]
224 => [2. 1. 4. 3. 2. 1. 2. 3.]
225 => [2. 3. 1. 2. 3. 4. 3. 4.]
226 => [2. 3. 1. 2. 3. 4. 4. 3.]
227 => [2. 3. 1. 2. 4. 3. 3. 4.]
228 => [2. 3. 1. 2. 4. 3. 4. 3.]
229 => [2. 3. 1. 3. 2. 4. 2. 3.]
230 => [2. 3. 1. 3. 2. 4. 2. 4.]
231 => [2. 3. 1. 3. 2. 4. 4. 3.]
232 => [2. 3. 1. 3. 4. 2. 2. 3.]
233 => [2. 3. 1. 3. 4. 2. 2. 4.]
234 => [2. 3. 1. 3. 4. 2. 4. 3.]
235 => [2. 3. 1. 4. 2. 3. 2. 3.]
236 => [2. 3. 1. 4. 2. 3. 2. 4.]
237 => [2. 3. 1. 4. 2. 3. 3. 4.]
238 => [2. 3. 1. 4. 3. 2. 2. 3.]
239 => [2. 3. 1. 4. 3. 2. 2. 4.]
240 => [2. 3. 1. 4. 3. 2. 3. 4.]
241 => [2. 3. 2. 1. 3. 4. 3. 1.]
242 => [2. 3. 2. 1. 3. 4. 3. 4.]
243 => [2. 3. 2. 1. 3. 4. 4. 1.]
244 => [2. 3. 2. 1. 3. 4. 4. 3.]
245 => [2. 3. 2. 1. 4. 3. 3. 1.]
246 => [2. 3. 2. 1. 4. 3. 3. 4.]
247 => [2. 3. 2. 1. 4. 3. 4. 1.]
248 => [2. 3. 2. 1. 4. 3. 4. 3.]
249 => [2. 3. 2. 3. 1. 4. 1. 3.]
250 => [2. 3. 2. 3. 1. 4. 1. 4.]
251 => [2. 3. 2. 3. 1. 4. 4. 1.]
252 => [2. 3. 2. 3. 1. 4. 4. 3.]
253 => [2. 3. 2. 3. 4. 1. 1. 3.]
254 => [2. 3. 2. 3. 4. 1. 1. 4.]
255 => [2. 3. 2. 3. 4. 1. 4. 1.]
256 => [2. 3. 2. 3. 4. 1. 4. 3.]
257 => [2. 3. 2. 4. 1. 3. 1. 3.]
258 => [2. 3. 2. 4. 1. 3. 1. 4.]
259 => [2. 3. 2. 4. 1. 3. 3. 1.]
260 => [2. 3. 2. 4. 1. 3. 3. 4.]
261 => [2. 3. 2. 4. 3. 1. 1. 3.]
262 => [2. 3. 2. 4. 3. 1. 1. 4.]
263 => [2. 3. 2. 4. 3. 1. 3. 1.]
264 => [2. 3. 2. 4. 3. 1. 3. 4.]
265 => [2. 3. 4. 1. 2. 3. 2. 1.]
266 => [2. 3. 4. 1. 2. 3. 2. 3.]
267 => [2. 3. 4. 1. 2. 3. 3. 1.]
268 => [2. 3. 4. 1. 3. 2. 2. 1.]
269 => [2. 3. 4. 1. 3. 2. 2. 3.]
270 => [2. 3. 4. 1. 3. 2. 3. 1.]
271 => [2. 3. 4. 2. 1. 3. 1. 3.]
272 => [2. 3. 4. 2. 1. 3. 3. 1.]
273 => [2. 3. 4. 2. 3. 1. 1. 3.]
274 => [2. 3. 4. 2. 3. 1. 3. 1.]
275 => [2. 3. 4. 3. 1. 2. 1. 3.]
276 => [2. 3. 4. 3. 1. 2. 2. 1.]
277 => [2. 3. 4. 3. 1. 2. 2. 3.]
278 => [2. 3. 4. 3. 2. 1. 1. 3.]
279 => [2. 3. 4. 3. 2. 1. 2. 1.]
280 => [2. 3. 4. 3. 2. 1. 2. 3.]
281 => [2. 4. 1. 2. 3. 4. 3. 4.]
282 => [2. 4. 1. 2. 3. 4. 4. 3.]
283 => [2. 4. 1. 2. 4. 3. 3. 4.]
284 => [2. 4. 1. 2. 4. 3. 4. 3.]
285 => [2. 4. 1. 3. 2. 4. 2. 3.]
286 => [2. 4. 1. 3. 2. 4. 2. 4.]
287 => [2. 4. 1. 3. 2. 4. 4. 3.]
288 => [2. 4. 1. 3. 4. 2. 2. 3.]
289 => [2. 4. 1. 3. 4. 2. 2. 4.]
290 => [2. 4. 1. 3. 4. 2. 4. 3.]
291 => [2. 4. 1. 4. 2. 3. 2. 3.]
292 => [2. 4. 1. 4. 2. 3. 2. 4.]
293 => [2. 4. 1. 4. 2. 3. 3. 4.]
294 => [2. 4. 1. 4. 3. 2. 2. 3.]
295 => [2. 4. 1. 4. 3. 2. 2. 4.]
296 => [2. 4. 1. 4. 3. 2. 3. 4.]
297 => [2. 4. 2. 1. 3. 4. 3. 1.]
298 => [2. 4. 2. 1. 3. 4. 3. 4.]
299 => [2. 4. 2. 1. 3. 4. 4. 1.]
300 => [2. 4. 2. 1. 3. 4. 4. 3.]
301 => [2. 4. 2. 1. 4. 3. 3. 1.]
302 => [2. 4. 2. 1. 4. 3. 3. 4.]
303 => [2. 4. 2. 1. 4. 3. 4. 1.]
304 => [2. 4. 2. 1. 4. 3. 4. 3.]
305 => [2. 4. 2. 3. 1. 4. 1. 3.]
306 => [2. 4. 2. 3. 1. 4. 1. 4.]
307 => [2. 4. 2. 3. 1. 4. 4. 1.]
308 => [2. 4. 2. 3. 1. 4. 4. 3.]
309 => [2. 4. 2. 3. 4. 1. 1. 3.]
310 => [2. 4. 2. 3. 4. 1. 1. 4.]
311 => [2. 4. 2. 3. 4. 1. 4. 1.]
312 => [2. 4. 2. 3. 4. 1. 4. 3.]
313 => [2. 4. 2. 4. 1. 3. 1. 3.]
314 => [2. 4. 2. 4. 1. 3. 1. 4.]
315 => [2. 4. 2. 4. 1. 3. 3. 1.]
316 => [2. 4. 2. 4. 1. 3. 3. 4.]
317 => [2. 4. 2. 4. 3. 1. 1. 3.]
318 => [2. 4. 2. 4. 3. 1. 1. 4.]
319 => [2. 4. 2. 4. 3. 1. 3. 1.]
320 => [2. 4. 2. 4. 3. 1. 3. 4.]
321 => [2. 4. 3. 1. 2. 4. 2. 1.]
322 => [2. 4. 3. 1. 2. 4. 2. 4.]
323 => [2. 4. 3. 1. 2. 4. 4. 1.]
324 => [2. 4. 3. 1. 4. 2. 2. 1.]
325 => [2. 4. 3. 1. 4. 2. 2. 4.]
326 => [2. 4. 3. 1. 4. 2. 4. 1.]
327 => [2. 4. 3. 2. 1. 4. 1. 4.]
328 => [2. 4. 3. 2. 1. 4. 4. 1.]
329 => [2. 4. 3. 2. 4. 1. 1. 4.]
330 => [2. 4. 3. 2. 4. 1. 4. 1.]
331 => [2. 4. 3. 4. 1. 2. 1. 4.]
332 => [2. 4. 3. 4. 1. 2. 2. 1.]
333 => [2. 4. 3. 4. 1. 2. 2. 4.]
334 => [2. 4. 3. 4. 2. 1. 1. 4.]
335 => [2. 4. 3. 4. 2. 1. 2. 1.]
336 => [2. 4. 3. 4. 2. 1. 2. 4.]
337 => [3. 1. 2. 1. 3. 4. 3. 1.]
338 => [3. 1. 2. 1. 3. 4. 3. 4.]
339 => [3. 1. 2. 1. 3. 4. 4. 1.]
340 => [3. 1. 2. 1. 4. 3. 3. 1.]
341 => [3. 1. 2. 1. 4. 3. 3. 4.]
342 => [3. 1. 2. 1. 4. 3. 4. 1.]
343 => [3. 1. 2. 3. 1. 4. 1. 4.]
344 => [3. 1. 2. 3. 1. 4. 4. 1.]
345 => [3. 1. 2. 3. 4. 1. 1. 4.]
346 => [3. 1. 2. 3. 4. 1. 4. 1.]
347 => [3. 1. 2. 4. 1. 3. 1. 4.]
348 => [3. 1. 2. 4. 1. 3. 3. 1.]
349 => [3. 1. 2. 4. 1. 3. 3. 4.]
350 => [3. 1. 2. 4. 3. 1. 1. 4.]
351 => [3. 1. 2. 4. 3. 1. 3. 1.]
352 => [3. 1. 2. 4. 3. 1. 3. 4.]
353 => [3. 1. 3. 1. 2. 4. 2. 1.]
354 => [3. 1. 3. 1. 2. 4. 2. 4.]
355 => [3. 1. 3. 1. 2. 4. 4. 1.]
356 => [3. 1. 3. 1. 2. 4. 4. 2.]
357 => [3. 1. 3. 1. 4. 2. 2. 1.]
358 => [3. 1. 3. 1. 4. 2. 2. 4.]
359 => [3. 1. 3. 1. 4. 2. 4. 1.]
360 => [3. 1. 3. 1. 4. 2. 4. 2.]
361 => [3. 1. 3. 2. 1. 4. 1. 2.]
362 => [3. 1. 3. 2. 1. 4. 1. 4.]
363 => [3. 1. 3. 2. 1. 4. 4. 1.]
364 => [3. 1. 3. 2. 1. 4. 4. 2.]
365 => [3. 1. 3. 2. 4. 1. 1. 2.]
366 => [3. 1. 3. 2. 4. 1. 1. 4.]
367 => [3. 1. 3. 2. 4. 1. 4. 1.]
368 => [3. 1. 3. 2. 4. 1. 4. 2.]
369 => [3. 1. 3. 4. 1. 2. 1. 2.]
370 => [3. 1. 3. 4. 1. 2. 1. 4.]
371 => [3. 1. 3. 4. 1. 2. 2. 1.]
372 => [3. 1. 3. 4. 1. 2. 2. 4.]
373 => [3. 1. 3. 4. 2. 1. 1. 2.]
374 => [3. 1. 3. 4. 2. 1. 1. 4.]
375 => [3. 1. 3. 4. 2. 1. 2. 1.]
376 => [3. 1. 3. 4. 2. 1. 2. 4.]
377 => [3. 1. 4. 1. 2. 3. 2. 1.]
378 => [3. 1. 4. 1. 2. 3. 3. 1.]
379 => [3. 1. 4. 1. 2. 3. 3. 2.]
380 => [3. 1. 4. 1. 3. 2. 2. 1.]
381 => [3. 1. 4. 1. 3. 2. 3. 1.]
382 => [3. 1. 4. 1. 3. 2. 3. 2.]
383 => [3. 1. 4. 2. 1. 3. 1. 2.]
384 => [3. 1. 4. 2. 1. 3. 3. 1.]
385 => [3. 1. 4. 2. 1. 3. 3. 2.]
386 => [3. 1. 4. 2. 3. 1. 1. 2.]
387 => [3. 1. 4. 2. 3. 1. 3. 1.]
388 => [3. 1. 4. 2. 3. 1. 3. 2.]
389 => [3. 1. 4. 3. 1. 2. 1. 2.]
390 => [3. 1. 4. 3. 1. 2. 2. 1.]
391 => [3. 1. 4. 3. 2. 1. 1. 2.]
392 => [3. 1. 4. 3. 2. 1. 2. 1.]
393 => [3. 2. 1. 2. 3. 4. 3. 2.]
394 => [3. 2. 1. 2. 3. 4. 3. 4.]
395 => [3. 2. 1. 2. 3. 4. 4. 2.]
396 => [3. 2. 1. 2. 4. 3. 3. 2.]
397 => [3. 2. 1. 2. 4. 3. 3. 4.]
398 => [3. 2. 1. 2. 4. 3. 4. 2.]
399 => [3. 2. 1. 3. 2. 4. 2. 4.]
400 => [3. 2. 1. 3. 2. 4. 4. 2.]
401 => [3. 2. 1. 3. 4. 2. 2. 4.]
402 => [3. 2. 1. 3. 4. 2. 4. 2.]
403 => [3. 2. 1. 4. 2. 3. 2. 4.]
404 => [3. 2. 1. 4. 2. 3. 3. 2.]
405 => [3. 2. 1. 4. 2. 3. 3. 4.]
406 => [3. 2. 1. 4. 3. 2. 2. 4.]
407 => [3. 2. 1. 4. 3. 2. 3. 2.]
408 => [3. 2. 1. 4. 3. 2. 3. 4.]
409 => [3. 2. 3. 1. 2. 4. 2. 1.]
410 => [3. 2. 3. 1. 2. 4. 2. 4.]
411 => [3. 2. 3. 1. 2. 4. 4. 1.]
412 => [3. 2. 3. 1. 2. 4. 4. 2.]
413 => [3. 2. 3. 1. 4. 2. 2. 1.]
414 => [3. 2. 3. 1. 4. 2. 2. 4.]
415 => [3. 2. 3. 1. 4. 2. 4. 1.]
416 => [3. 2. 3. 1. 4. 2. 4. 2.]
417 => [3. 2. 3. 2. 1. 4. 1. 2.]
418 => [3. 2. 3. 2. 1. 4. 1. 4.]
419 => [3. 2. 3. 2. 1. 4. 4. 1.]
420 => [3. 2. 3. 2. 1. 4. 4. 2.]
421 => [3. 2. 3. 2. 4. 1. 1. 2.]
422 => [3. 2. 3. 2. 4. 1. 1. 4.]
423 => [3. 2. 3. 2. 4. 1. 4. 1.]
424 => [3. 2. 3. 2. 4. 1. 4. 2.]
425 => [3. 2. 3. 4. 1. 2. 1. 2.]
426 => [3. 2. 3. 4. 1. 2. 1. 4.]
427 => [3. 2. 3. 4. 1. 2. 2. 1.]
428 => [3. 2. 3. 4. 1. 2. 2. 4.]
429 => [3. 2. 3. 4. 2. 1. 1. 2.]
430 => [3. 2. 3. 4. 2. 1. 1. 4.]
431 => [3. 2. 3. 4. 2. 1. 2. 1.]
432 => [3. 2. 3. 4. 2. 1. 2. 4.]
433 => [3. 2. 4. 1. 2. 3. 2. 1.]
434 => [3. 2. 4. 1. 2. 3. 3. 1.]
435 => [3. 2. 4. 1. 2. 3. 3. 2.]
436 => [3. 2. 4. 1. 3. 2. 2. 1.]
437 => [3. 2. 4. 1. 3. 2. 3. 1.]
438 => [3. 2. 4. 1. 3. 2. 3. 2.]
439 => [3. 2. 4. 2. 1. 3. 1. 2.]
440 => [3. 2. 4. 2. 1. 3. 3. 1.]
441 => [3. 2. 4. 2. 1. 3. 3. 2.]
442 => [3. 2. 4. 2. 3. 1. 1. 2.]
443 => [3. 2. 4. 2. 3. 1. 3. 1.]
444 => [3. 2. 4. 2. 3. 1. 3. 2.]
445 => [3. 2. 4. 3. 1. 2. 1. 2.]
446 => [3. 2. 4. 3. 1. 2. 2. 1.]
447 => [3. 2. 4. 3. 2. 1. 1. 2.]
448 => [3. 2. 4. 3. 2. 1. 2. 1.]
449 => [3. 4. 1. 2. 3. 4. 3. 2.]
450 => [3. 4. 1. 2. 3. 4. 3. 4.]
451 => [3. 4. 1. 2. 3. 4. 4. 2.]
452 => [3. 4. 1. 2. 4. 3. 3. 2.]
453 => [3. 4. 1. 2. 4. 3. 3. 4.]
454 => [3. 4. 1. 2. 4. 3. 4. 2.]
455 => [3. 4. 1. 3. 2. 4. 2. 4.]
456 => [3. 4. 1. 3. 2. 4. 4. 2.]
457 => [3. 4. 1. 3. 4. 2. 2. 4.]
458 => [3. 4. 1. 3. 4. 2. 4. 2.]
459 => [3. 4. 1. 4. 2. 3. 2. 4.]
460 => [3. 4. 1. 4. 2. 3. 3. 2.]
461 => [3. 4. 1. 4. 2. 3. 3. 4.]
462 => [3. 4. 1. 4. 3. 2. 2. 4.]
463 => [3. 4. 1. 4. 3. 2. 3. 2.]
464 => [3. 4. 1. 4. 3. 2. 3. 4.]
465 => [3. 4. 2. 1. 3. 4. 3. 1.]
466 => [3. 4. 2. 1. 3. 4. 3. 4.]
467 => [3. 4. 2. 1. 3. 4. 4. 1.]
468 => [3. 4. 2. 1. 4. 3. 3. 1.]
469 => [3. 4. 2. 1. 4. 3. 3. 4.]
470 => [3. 4. 2. 1. 4. 3. 4. 1.]
471 => [3. 4. 2. 3. 1. 4. 1. 4.]
472 => [3. 4. 2. 3. 1. 4. 4. 1.]
473 => [3. 4. 2. 3. 4. 1. 1. 4.]
474 => [3. 4. 2. 3. 4. 1. 4. 1.]
475 => [3. 4. 2. 4. 1. 3. 1. 4.]
476 => [3. 4. 2. 4. 1. 3. 3. 1.]
477 => [3. 4. 2. 4. 1. 3. 3. 4.]
478 => [3. 4. 2. 4. 3. 1. 1. 4.]
479 => [3. 4. 2. 4. 3. 1. 3. 1.]
480 => [3. 4. 2. 4. 3. 1. 3. 4.]
481 => [3. 4. 3. 1. 2. 4. 2. 1.]
482 => [3. 4. 3. 1. 2. 4. 2. 4.]
483 => [3. 4. 3. 1. 2. 4. 4. 1.]
484 => [3. 4. 3. 1. 2. 4. 4. 2.]
485 => [3. 4. 3. 1. 4. 2. 2. 1.]
486 => [3. 4. 3. 1. 4. 2. 2. 4.]
487 => [3. 4. 3. 1. 4. 2. 4. 1.]
488 => [3. 4. 3. 1. 4. 2. 4. 2.]
489 => [3. 4. 3. 2. 1. 4. 1. 2.]
490 => [3. 4. 3. 2. 1. 4. 1. 4.]
491 => [3. 4. 3. 2. 1. 4. 4. 1.]
492 => [3. 4. 3. 2. 1. 4. 4. 2.]
493 => [3. 4. 3. 2. 4. 1. 1. 2.]
494 => [3. 4. 3. 2. 4. 1. 1. 4.]
495 => [3. 4. 3. 2. 4. 1. 4. 1.]
496 => [3. 4. 3. 2. 4. 1. 4. 2.]
497 => [3. 4. 3. 4. 1. 2. 1. 2.]
498 => [3. 4. 3. 4. 1. 2. 1. 4.]
499 => [3. 4. 3. 4. 1. 2. 2. 1.]
500 => [3. 4. 3. 4. 1. 2. 2. 4.]
501 => [3. 4. 3. 4. 2. 1. 1. 2.]
502 => [3. 4. 3. 4. 2. 1. 1. 4.]
503 => [3. 4. 3. 4. 2. 1. 2. 1.]
504 => [3. 4. 3. 4. 2. 1. 2. 4.]
505 => [4. 1. 2. 1. 3. 4. 3. 1.]
506 => [4. 1. 2. 1. 3. 4. 4. 1.]
507 => [4. 1. 2. 1. 3. 4. 4. 3.]
508 => [4. 1. 2. 1. 4. 3. 3. 1.]
509 => [4. 1. 2. 1. 4. 3. 4. 1.]
510 => [4. 1. 2. 1. 4. 3. 4. 3.]
511 => [4. 1. 2. 3. 1. 4. 1. 3.]
512 => [4. 1. 2. 3. 1. 4. 4. 1.]
513 => [4. 1. 2. 3. 1. 4. 4. 3.]
514 => [4. 1. 2. 3. 4. 1. 1. 3.]
515 => [4. 1. 2. 3. 4. 1. 4. 1.]
516 => [4. 1. 2. 3. 4. 1. 4. 3.]
517 => [4. 1. 2. 4. 1. 3. 1. 3.]
518 => [4. 1. 2. 4. 1. 3. 3. 1.]
519 => [4. 1. 2. 4. 3. 1. 1. 3.]
520 => [4. 1. 2. 4. 3. 1. 3. 1.]
521 => [4. 1. 3. 1. 2. 4. 2. 1.]
522 => [4. 1. 3. 1. 2. 4. 4. 1.]
523 => [4. 1. 3. 1. 2. 4. 4. 2.]
524 => [4. 1. 3. 1. 4. 2. 2. 1.]
525 => [4. 1. 3. 1. 4. 2. 4. 1.]
526 => [4. 1. 3. 1. 4. 2. 4. 2.]
527 => [4. 1. 3. 2. 1. 4. 1. 2.]
528 => [4. 1. 3. 2. 1. 4. 4. 1.]
529 => [4. 1. 3. 2. 1. 4. 4. 2.]
530 => [4. 1. 3. 2. 4. 1. 1. 2.]
531 => [4. 1. 3. 2. 4. 1. 4. 1.]
532 => [4. 1. 3. 2. 4. 1. 4. 2.]
533 => [4. 1. 3. 4. 1. 2. 1. 2.]
534 => [4. 1. 3. 4. 1. 2. 2. 1.]
535 => [4. 1. 3. 4. 2. 1. 1. 2.]
536 => [4. 1. 3. 4. 2. 1. 2. 1.]
537 => [4. 1. 4. 1. 2. 3. 2. 1.]
538 => [4. 1. 4. 1. 2. 3. 2. 3.]
539 => [4. 1. 4. 1. 2. 3. 3. 1.]
540 => [4. 1. 4. 1. 2. 3. 3. 2.]
541 => [4. 1. 4. 1. 3. 2. 2. 1.]
542 => [4. 1. 4. 1. 3. 2. 2. 3.]
543 => [4. 1. 4. 1. 3. 2. 3. 1.]
544 => [4. 1. 4. 1. 3. 2. 3. 2.]
545 => [4. 1. 4. 2. 1. 3. 1. 2.]
546 => [4. 1. 4. 2. 1. 3. 1. 3.]
547 => [4. 1. 4. 2. 1. 3. 3. 1.]
548 => [4. 1. 4. 2. 1. 3. 3. 2.]
549 => [4. 1. 4. 2. 3. 1. 1. 2.]
550 => [4. 1. 4. 2. 3. 1. 1. 3.]
551 => [4. 1. 4. 2. 3. 1. 3. 1.]
552 => [4. 1. 4. 2. 3. 1. 3. 2.]
553 => [4. 1. 4. 3. 1. 2. 1. 2.]
554 => [4. 1. 4. 3. 1. 2. 1. 3.]
555 => [4. 1. 4. 3. 1. 2. 2. 1.]
556 => [4. 1. 4. 3. 1. 2. 2. 3.]
557 => [4. 1. 4. 3. 2. 1. 1. 2.]
558 => [4. 1. 4. 3. 2. 1. 1. 3.]
559 => [4. 1. 4. 3. 2. 1. 2. 1.]
560 => [4. 1. 4. 3. 2. 1. 2. 3.]
561 => [4. 2. 1. 2. 3. 4. 3. 2.]
562 => [4. 2. 1. 2. 3. 4. 4. 2.]
563 => [4. 2. 1. 2. 3. 4. 4. 3.]
564 => [4. 2. 1. 2. 4. 3. 3. 2.]
565 => [4. 2. 1. 2. 4. 3. 4. 2.]
566 => [4. 2. 1. 2. 4. 3. 4. 3.]
567 => [4. 2. 1. 3. 2. 4. 2. 3.]
568 => [4. 2. 1. 3. 2. 4. 4. 2.]
569 => [4. 2. 1. 3. 2. 4. 4. 3.]
570 => [4. 2. 1. 3. 4. 2. 2. 3.]
571 => [4. 2. 1. 3. 4. 2. 4. 2.]
572 => [4. 2. 1. 3. 4. 2. 4. 3.]
573 => [4. 2. 1. 4. 2. 3. 2. 3.]
574 => [4. 2. 1. 4. 2. 3. 3. 2.]
575 => [4. 2. 1. 4. 3. 2. 2. 3.]
576 => [4. 2. 1. 4. 3. 2. 3. 2.]
577 => [4. 2. 3. 1. 2. 4. 2. 1.]
578 => [4. 2. 3. 1. 2. 4. 4. 1.]
579 => [4. 2. 3. 1. 2. 4. 4. 2.]
580 => [4. 2. 3. 1. 4. 2. 2. 1.]
581 => [4. 2. 3. 1. 4. 2. 4. 1.]
582 => [4. 2. 3. 1. 4. 2. 4. 2.]
583 => [4. 2. 3. 2. 1. 4. 1. 2.]
584 => [4. 2. 3. 2. 1. 4. 4. 1.]
585 => [4. 2. 3. 2. 1. 4. 4. 2.]
586 => [4. 2. 3. 2. 4. 1. 1. 2.]
587 => [4. 2. 3. 2. 4. 1. 4. 1.]
588 => [4. 2. 3. 2. 4. 1. 4. 2.]
589 => [4. 2. 3. 4. 1. 2. 1. 2.]
590 => [4. 2. 3. 4. 1. 2. 2. 1.]
591 => [4. 2. 3. 4. 2. 1. 1. 2.]
592 => [4. 2. 3. 4. 2. 1. 2. 1.]
593 => [4. 2. 4. 1. 2. 3. 2. 1.]
594 => [4. 2. 4. 1. 2. 3. 2. 3.]
595 => [4. 2. 4. 1. 2. 3. 3. 1.]
596 => [4. 2. 4. 1. 2. 3. 3. 2.]
597 => [4. 2. 4. 1. 3. 2. 2. 1.]
598 => [4. 2. 4. 1. 3. 2. 2. 3.]
599 => [4. 2. 4. 1. 3. 2. 3. 1.]
600 => [4. 2. 4. 1. 3. 2. 3. 2.]
601 => [4. 2. 4. 2. 1. 3. 1. 2.]
602 => [4. 2. 4. 2. 1. 3. 1. 3.]
603 => [4. 2. 4. 2. 1. 3. 3. 1.]
604 => [4. 2. 4. 2. 1. 3. 3. 2.]
605 => [4. 2. 4. 2. 3. 1. 1. 2.]
606 => [4. 2. 4. 2. 3. 1. 1. 3.]
607 => [4. 2. 4. 2. 3. 1. 3. 1.]
608 => [4. 2. 4. 2. 3. 1. 3. 2.]
609 => [4. 2. 4. 3. 1. 2. 1. 2.]
610 => [4. 2. 4. 3. 1. 2. 1. 3.]
611 => [4. 2. 4. 3. 1. 2. 2. 1.]
612 => [4. 2. 4. 3. 1. 2. 2. 3.]
613 => [4. 2. 4. 3. 2. 1. 1. 2.]
614 => [4. 2. 4. 3. 2. 1. 1. 3.]
615 => [4. 2. 4. 3. 2. 1. 2. 1.]
616 => [4. 2. 4. 3. 2. 1. 2. 3.]
617 => [4. 3. 1. 2. 3. 4. 3. 2.]
618 => [4. 3. 1. 2. 3. 4. 4. 2.]
619 => [4. 3. 1. 2. 3. 4. 4. 3.]
620 => [4. 3. 1. 2. 4. 3. 3. 2.]
621 => [4. 3. 1. 2. 4. 3. 4. 2.]
622 => [4. 3. 1. 2. 4. 3. 4. 3.]
623 => [4. 3. 1. 3. 2. 4. 2. 3.]
624 => [4. 3. 1. 3. 2. 4. 4. 2.]
625 => [4. 3. 1. 3. 2. 4. 4. 3.]
626 => [4. 3. 1. 3. 4. 2. 2. 3.]
627 => [4. 3. 1. 3. 4. 2. 4. 2.]
628 => [4. 3. 1. 3. 4. 2. 4. 3.]
629 => [4. 3. 1. 4. 2. 3. 2. 3.]
630 => [4. 3. 1. 4. 2. 3. 3. 2.]
631 => [4. 3. 1. 4. 3. 2. 2. 3.]
632 => [4. 3. 1. 4. 3. 2. 3. 2.]
633 => [4. 3. 2. 1. 3. 4. 3. 1.]
634 => [4. 3. 2. 1. 3. 4. 4. 1.]
635 => [4. 3. 2. 1. 3. 4. 4. 3.]
636 => [4. 3. 2. 1. 4. 3. 3. 1.]
637 => [4. 3. 2. 1. 4. 3. 4. 1.]
638 => [4. 3. 2. 1. 4. 3. 4. 3.]
639 => [4. 3. 2. 3. 1. 4. 1. 3.]
640 => [4. 3. 2. 3. 1. 4. 4. 1.]
641 => [4. 3. 2. 3. 1. 4. 4. 3.]
642 => [4. 3. 2. 3. 4. 1. 1. 3.]
643 => [4. 3. 2. 3. 4. 1. 4. 1.]
644 => [4. 3. 2. 3. 4. 1. 4. 3.]
645 => [4. 3. 2. 4. 1. 3. 1. 3.]
646 => [4. 3. 2. 4. 1. 3. 3. 1.]
647 => [4. 3. 2. 4. 3. 1. 1. 3.]
648 => [4. 3. 2. 4. 3. 1. 3. 1.]
649 => [4. 3. 4. 1. 2. 3. 2. 1.]
650 => [4. 3. 4. 1. 2. 3. 2. 3.]
651 => [4. 3. 4. 1. 2. 3. 3. 1.]
652 => [4. 3. 4. 1. 2. 3. 3. 2.]
653 => [4. 3. 4. 1. 3. 2. 2. 1.]
654 => [4. 3. 4. 1. 3. 2. 2. 3.]
655 => [4. 3. 4. 1. 3. 2. 3. 1.]
656 => [4. 3. 4. 1. 3. 2. 3. 2.]
657 => [4. 3. 4. 2. 1. 3. 1. 2.]
658 => [4. 3. 4. 2. 1. 3. 1. 3.]
659 => [4. 3. 4. 2. 1. 3. 3. 1.]
660 => [4. 3. 4. 2. 1. 3. 3. 2.]
661 => [4. 3. 4. 2. 3. 1. 1. 2.]
662 => [4. 3. 4. 2. 3. 1. 1. 3.]
663 => [4. 3. 4. 2. 3. 1. 3. 1.]
664 => [4. 3. 4. 2. 3. 1. 3. 2.]
665 => [4. 3. 4. 3. 1. 2. 1. 2.]
666 => [4. 3. 4. 3. 1. 2. 1. 3.]
667 => [4. 3. 4. 3. 1. 2. 2. 1.]
668 => [4. 3. 4. 3. 1. 2. 2. 3.]
669 => [4. 3. 4. 3. 2. 1. 1. 2.]
670 => [4. 3. 4. 3. 2. 1. 1. 3.]
671 => [4. 3. 4. 3. 2. 1. 2. 1.]
672 => [4. 3. 4. 3. 2. 1. 2. 3.]

The chosen solution and its associated colors are: 331 => ['yellow', 'green', 'blue', 'green', 'red', 'yellow', 'red', 'green']